  Building Custom Rule E:/vsproj/synergy/synergy-core/src/lib/core/CMakeLists.txt
  CMake does not need to re-run because E:/vsproj/synergy/buildwin64/src/lib/core/CMakeFiles/generate.stamp is up-to-date.
  App.cpp
  AppUtil.cpp
  ArgParser.cpp
  ArgsBase.cpp
  Chunk.cpp
  ClientApp.cpp
  ClientArgs.cpp
  ClientTaskBarReceiver.cpp
  Clipboard.cpp
  ClipboardChunk.cpp
  DaemonApp.cpp
  DragInformation.cpp
  DropHelper.cpp
  FileChunk.cpp
  IClipboard.cpp
  IKeyState.cpp
  IPlatformScreen.cpp
  IPrimaryScreen.cpp
  KeyMap.cpp
  KeyState.cpp
  PacketStreamFilter.cpp
  PlatformScreen.cpp
  PortableTaskBarReceiver.cpp
  ProtocolUtil.cpp
  Screen.cpp
  ServerApp.cpp
  ServerArgs.cpp
  ServerTaskBarReceiver.cpp
  StreamChunker.cpp
  ToolApp.cpp
  ToolArgs.cpp
  XScreen.cpp
  XSynergy.cpp
  key_types.cpp
  protocol_types.cpp
  AppUtilWindows.cpp
  core.vcxproj -> E:\vsproj\synergy\buildwin64\src\lib\core\Debug\core.lib
